Started GET "/" for ::1 at 2026-01-19 18:22:56 +0900
  [1m[35m (2.1ms)[0m  [1m[35mCREATE TABLE "schema_migrations" ("version" varchar NOT NULL PRIMARY KEY) /*application='FirstMytestApp'*/[0m
  [1m[35m (0.7ms)[0m  [1m[35mCREATE TABLE "ar_internal_metadata" ("key" varchar NOT NULL PRIMARY KEY, "value" varchar, "created_at" datetime(6) NOT NULL, "updated_at" datetime(6) NOT NULL) /*application='FirstMytestApp'*/[0m
  [1m[36mActiveRecord::SchemaMigration Load (0.4ms)[0m  [1m[34mSELECT "schema_migrations"."version" FROM "schema_migrations" ORDER BY "schema_migrations"."version" ASC /*application='FirstMytestApp'*/[0m
Processing by Rails::WelcomeController#index as HTML
  Rendering C:/Ruby34-x64/lib/ruby/gems/3.4.0/gems/railties-8.1.2/lib/rails/templates/rails/welcome/index.html.erb
  Rendered C:/Ruby34-x64/lib/ruby/gems/3.4.0/gems/railties-8.1.2/lib/rails/templates/rails/welcome/index.html.erb (Duration: 2.2ms | GC: 0.0ms)
Completed 200 OK in 280ms (Views: 95.2ms | ActiveRecord: 0.0ms (0 queries, 0 cached) | GC: 0.3ms)


Started GET "/" for ::1 at 2026-01-19 19:07:56 +0900
  [1m[36mActiveRecord::SchemaMigration Load (0.4ms)[0m  [1m[34mSELECT "schema_migrations"."version" FROM "schema_migrations" ORDER BY "schema_migrations"."version" ASC /*application='FirstMytestApp'*/[0m
Processing by Rails::WelcomeController#index as HTML
  Rendering C:/Ruby34-x64/lib/ruby/gems/3.4.0/gems/railties-8.1.2/lib/rails/templates/rails/welcome/index.html.erb
  Rendered C:/Ruby34-x64/lib/ruby/gems/3.4.0/gems/railties-8.1.2/lib/rails/templates/rails/welcome/index.html.erb (Duration: 1.6ms | GC: 0.0ms)
Completed 200 OK in 507ms (Views: 93.2ms | ActiveRecord: 0.0ms (0 queries, 0 cached) | GC: 0.0ms)


Started GET "/" for ::1 at 2026-01-19 19:27:07 +0900
Processing by Rails::WelcomeController#index as HTML
  Rendering C:/Ruby34-x64/lib/ruby/gems/3.4.0/gems/railties-8.1.2/lib/rails/templates/rails/welcome/index.html.erb
  Rendered C:/Ruby34-x64/lib/ruby/gems/3.4.0/gems/railties-8.1.2/lib/rails/templates/rails/welcome/index.html.erb (Duration: 1.5ms | GC: 0.0ms)
Completed 200 OK in 20ms (Views: 5.9ms | ActiveRecord: 0.0ms (0 queries, 0 cached) | GC: 0.0ms)


Started GET "/static_pages/home" for ::1 at 2026-01-19 19:27:11 +0900
Processing by StaticPagesController#home as HTML
  Rendering layout layouts/application.html.erb
  Rendering static_pages/home.html.erb within layouts/application
  Rendered static_pages/home.html.erb within layouts/application (Duration: 1.0ms | GC: 0.0ms)
  Rendered layout layouts/application.html.erb (Duration: 226.1ms | GC: 0.0ms)
Completed 200 OK in 756ms (Views: 242.5ms | ActiveRecord: 0.0ms (0 queries, 0 cached) | GC: 0.0ms)


Started GET "/static_pages/home" for ::1 at 2026-01-19 19:28:20 +0900
Processing by StaticPagesController#home as HTML
  Rendering layout layouts/application.html.erb
  Rendering static_pages/home.html.erb within layouts/application
  Rendered static_pages/home.html.erb within layouts/application (Duration: 1.5ms | GC: 0.0ms)
  Rendered layout layouts/application.html.erb (Duration: 164.3ms | GC: 0.0ms)
Completed 200 OK in 199ms (Views: 179.4ms | ActiveRecord: 0.0ms (0 queries, 0 cached) | GC: 0.0ms)


  [1m[36mActiveRecord::InternalMetadata Load (0.3ms)[0m  [1m[34mSELECT * FROM "ar_internal_metadata" WHERE "ar_internal_metadata"."key" = 'environment' ORDER BY "ar_internal_metadata"."key" ASC LIMIT 1 /*application='FirstMytestApp'*/[0m
  [1m[36mActiveRecord::InternalMetadata Create (0.8ms)[0m  [1m[32mINSERT INTO "ar_internal_metadata" ("key", "value", "created_at", "updated_at") VALUES ('environment', 'development', '2026-01-20 00:30:44.614045', '2026-01-20 00:30:44.614049') RETURNING "key" /*application='FirstMytestApp'*/[0m
  [1m[36mActiveRecord::SchemaMigration Load (0.2ms)[0m  [1m[34mSELECT "schema_migrations"."version" FROM "schema_migrations" ORDER BY "schema_migrations"."version" ASC /*application='FirstMytestApp'*/[0m
Migrating to CreateDiaries (20260120000545)
  [1m[36mTRANSACTION (0.1ms)[0m  [1m[35mBEGIN immediate TRANSACTION /*application='FirstMytestApp'*/[0m
  [1m[35m (2.0ms)[0m  [1m[35mCREATE TABLE "diaries" ("id" integer PRIMARY KEY AUTOINCREMENT NOT NULL, "title" varchar, "body" text, "created_at" datetime(6) NOT NULL, "updated_at" datetime(6) NOT NULL) /*application='FirstMytestApp'*/[0m
  [1m[36mActiveRecord::SchemaMigration Create (0.1ms)[0m  [1m[32mINSERT INTO "schema_migrations" ("version") VALUES ('20260120000545') RETURNING "version" /*application='FirstMytestApp'*/[0m
  [1m[36mTRANSACTION (0.2ms)[0m  [1m[35mCOMMIT TRANSACTION /*application='FirstMytestApp'*/[0m
  [1m[36mActiveRecord::SchemaMigration Load (0.1ms)[0m  [1m[34mSELECT "schema_migrations"."version" FROM "schema_migrations" ORDER BY "schema_migrations"."version" ASC /*application='FirstMytestApp'*/[0m
Started GET "/" for ::1 at 2026-01-20 09:31:04 +0900
  [1m[36mActiveRecord::SchemaMigration Load (0.4ms)[0m  [1m[34mSELECT "schema_migrations"."version" FROM "schema_migrations" ORDER BY "schema_migrations"."version" ASC /*application='FirstMytestApp'*/[0m
Processing by Rails::WelcomeController#index as HTML
  Rendering C:/Ruby34-x64/lib/ruby/gems/3.4.0/gems/railties-8.1.2/lib/rails/templates/rails/welcome/index.html.erb
  Rendered C:/Ruby34-x64/lib/ruby/gems/3.4.0/gems/railties-8.1.2/lib/rails/templates/rails/welcome/index.html.erb (Duration: 0.8ms | GC: 0.0ms)
Completed 200 OK in 134ms (Views: 14.1ms | ActiveRecord: 0.0ms (0 queries, 0 cached) | GC: 0.0ms)


Started GET "/" for ::1 at 2026-01-20 09:33:51 +0900
Processing by Rails::WelcomeController#index as HTML
  Rendering C:/Ruby34-x64/lib/ruby/gems/3.4.0/gems/railties-8.1.2/lib/rails/templates/rails/welcome/index.html.erb
  Rendered C:/Ruby34-x64/lib/ruby/gems/3.4.0/gems/railties-8.1.2/lib/rails/templates/rails/welcome/index.html.erb (Duration: 1.4ms | GC: 0.0ms)
Completed 200 OK in 33ms (Views: 4.2ms | ActiveRecord: 0.0ms (0 queries, 0 cached) | GC: 0.0ms)


Started GET "/" for ::1 at 2026-01-20 09:33:55 +0900
Processing by Rails::WelcomeController#index as HTML
  Rendering C:/Ruby34-x64/lib/ruby/gems/3.4.0/gems/railties-8.1.2/lib/rails/templates/rails/welcome/index.html.erb
  Rendered C:/Ruby34-x64/lib/ruby/gems/3.4.0/gems/railties-8.1.2/lib/rails/templates/rails/welcome/index.html.erb (Duration: 0.1ms | GC: 0.0ms)
Completed 200 OK in 20ms (Views: 1.6ms | ActiveRecord: 0.0ms (0 queries, 0 cached) | GC: 0.0ms)


Started GET "/diaries" for ::1 at 2026-01-20 09:34:47 +0900
  
ActionController::RoutingError (No route matches [GET] "/diaries"):
  
Started GET "/diaries" for ::1 at 2026-01-20 09:34:54 +0900
  
ActionController::RoutingError (No route matches [GET] "/diaries"):
  
Started GET "/" for ::1 at 2026-01-20 09:38:43 +0900
Processing by DiariesController#index as HTML
  Rendering layout layouts/application.html.erb
  Rendering diaries/index.html.erb within layouts/application
  [1m[36mDiary Load (3.8ms)[0m  [1m[34mSELECT "diaries".* FROM "diaries" /*action='index',application='FirstMytestApp',controller='diaries'*/[0m
  ↳ app/views/diaries/index.html.erb:9
  Rendered diaries/index.html.erb within layouts/application (Duration: 7.4ms | GC: 0.0ms)
  Rendered layout layouts/application.html.erb (Duration: 260.5ms | GC: 0.0ms)
Completed 200 OK in 350ms (Views: 260.7ms | ActiveRecord: 6.2ms (1 query, 0 cached) | GC: 0.0ms)


Started GET "/diaries/new" for ::1 at 2026-01-20 09:38:50 +0900
Processing by DiariesController#new as HTML
  Rendering layout layouts/application.html.erb
  Rendering diaries/new.html.erb within layouts/application
  Rendered diaries/_form.html.erb (Duration: 106.0ms | GC: 0.0ms)
  Rendered diaries/new.html.erb within layouts/application (Duration: 116.8ms | GC: 0.0ms)
  Rendered layout layouts/application.html.erb (Duration: 121.3ms | GC: 0.0ms)
Completed 200 OK in 176ms (Views: 129.3ms | ActiveRecord: 1.5ms (0 queries, 0 cached) | GC: 0.0ms)


Started GET "/diaries/new" for ::1 at 2026-01-20 09:38:59 +0900
Processing by DiariesController#new as HTML
  Rendering layout layouts/application.html.erb
  Rendering diaries/new.html.erb within layouts/application
  Rendered diaries/_form.html.erb (Duration: 3.9ms | GC: 0.0ms)
  Rendered diaries/new.html.erb within layouts/application (Duration: 5.4ms | GC: 0.0ms)
  Rendered layout layouts/application.html.erb (Duration: 9.6ms | GC: 0.0ms)
Completed 200 OK in 33ms (Views: 11.9ms | ActiveRecord: 0.0ms (0 queries, 0 cached) | GC: 0.0ms)


Started GET "/" for ::1 at 2026-01-20 09:41:02 +0900
Processing by DiariesController#index as HTML
  Rendering layout layouts/application.html.erb
  Rendering diaries/index.html.erb within layouts/application
  [1m[36mDiary Load (2.9ms)[0m  [1m[34mSELECT "diaries".* FROM "diaries" /*action='index',application='FirstMytestApp',controller='diaries'*/[0m
  ↳ app/views/diaries/index.html.erb:9
  Rendered diaries/index.html.erb within layouts/application (Duration: 8.2ms | GC: 0.0ms)
  Rendered layout layouts/application.html.erb (Duration: 15.5ms | GC: 0.0ms)
Completed 200 OK in 29ms (Views: 17.2ms | ActiveRecord: 2.9ms (1 query, 0 cached) | GC: 0.0ms)


Started GET "/diaries/new" for ::1 at 2026-01-20 09:41:04 +0900
Processing by DiariesController#new as HTML
  Rendering layout layouts/application.html.erb
  Rendering diaries/new.html.erb within layouts/application
  Rendered diaries/_form.html.erb (Duration: 2.3ms | GC: 0.0ms)
  Rendered diaries/new.html.erb within layouts/application (Duration: 5.7ms | GC: 0.0ms)
  Rendered layout layouts/application.html.erb (Duration: 8.2ms | GC: 0.0ms)
Completed 200 OK in 31ms (Views: 9.8ms | ActiveRecord: 0.5ms (0 queries, 0 cached) | GC: 0.0ms)


Started GET "/diaries" for ::1 at 2026-01-20 09:41:08 +0900
Processing by DiariesController#index as HTML
  Rendering layout layouts/application.html.erb
  Rendering diaries/index.html.erb within layouts/application
  [1m[36mDiary Load (0.3ms)[0m  [1m[34mSELECT "diaries".* FROM "diaries" /*action='index',application='FirstMytestApp',controller='diaries'*/[0m
  ↳ app/views/diaries/index.html.erb:9
  Rendered diaries/index.html.erb within layouts/application (Duration: 6.3ms | GC: 0.0ms)
  Rendered layout layouts/application.html.erb (Duration: 9.1ms | GC: 0.0ms)
Completed 200 OK in 27ms (Views: 11.0ms | ActiveRecord: 0.3ms (1 query, 0 cached) | GC: 0.0ms)


Started GET "/diaries/new" for ::1 at 2026-01-20 09:41:15 +0900
Processing by DiariesController#new as HTML
  Rendering layout layouts/application.html.erb
  Rendering diaries/new.html.erb within layouts/application
  Rendered diaries/_form.html.erb (Duration: 2.9ms | GC: 0.0ms)
  Rendered diaries/new.html.erb within layouts/application (Duration: 4.0ms | GC: 0.0ms)
  Rendered layout layouts/application.html.erb (Duration: 5.3ms | GC: 0.0ms)
Completed 200 OK in 17ms (Views: 6.4ms | ActiveRecord: 0.0ms (0 queries, 0 cached) | GC: 0.0ms)


Started GET "/diaries" for ::1 at 2026-01-20 09:41:17 +0900
Processing by DiariesController#index as HTML
  Rendering layout layouts/application.html.erb
  Rendering diaries/index.html.erb within layouts/application
  [1m[36mDiary Load (0.4ms)[0m  [1m[34mSELECT "diaries".* FROM "diaries" /*action='index',application='FirstMytestApp',controller='diaries'*/[0m
  ↳ app/views/diaries/index.html.erb:9
  Rendered diaries/index.html.erb within layouts/application (Duration: 3.6ms | GC: 0.0ms)
  Rendered layout layouts/application.html.erb (Duration: 5.4ms | GC: 0.0ms)
Completed 200 OK in 21ms (Views: 6.4ms | ActiveRecord: 0.4ms (1 query, 0 cached) | GC: 0.0ms)


